<?xml version="1.0" encoding="UTF-8"?>
<!-- Generated by org.testng.reporters.JUnitReportReporter -->
<testsuite skipped="0" hostname="LAPTOP-J41V6O34" name="test.testNG_test2_GoogleSearch2" tests="1" failures="0" timestamp="22 三月 2019 02:06:38 GMT" time="1.635" errors="0">
  <testcase name="googleSearch" time="1.635" classname="test.testNG_test2_GoogleSearch2"/>
</testsuite> <!-- test.testNG_test2_GoogleSearch2 -->
