<?xml version="1.0" encoding="UTF-8"?>
<!-- Generated by org.testng.reporters.JUnitReportReporter -->
<testsuite skipped="0" hostname="LAPTOP-J41V6O34" name="utils.excelDataProvider" tests="4" failures="0" timestamp="19 三月 2019 14:45:50 GMT" time="6.273" errors="0">
  <testcase name="test1" time="1.324" classname="utils.excelDataProvider"/>
  <testcase name="test1" time="1.408" classname="utils.excelDataProvider"/>
  <testcase name="test1" time="1.326" classname="utils.excelDataProvider"/>
  <testcase name="test1" time="2.215" classname="utils.excelDataProvider"/>
</testsuite> <!-- utils.excelDataProvider -->
