<?xml version="1.0" encoding="UTF-8"?>
<!-- Generated by org.testng.reporters.JUnitReportReporter -->
<testsuite skipped="0" hostname="LAPTOP-J41V6O34" name="test.extentReportDemoTestNG" tests="1" failures="0" timestamp="14 Feb 2019 19:38:14 GMT" time="0.033" errors="0">
  <testcase name="test01" time="0.033" classname="test.extentReportDemoTestNG"/>
</testsuite> <!-- test.extentReportDemoTestNG -->
