<?xml version="1.0" encoding="UTF-8"?>
<!-- Generated by org.testng.reporters.JUnitReportReporter -->
<testsuite skipped="0" hostname="LAPTOP-J41V6O34" name="utils.excelDataProvider" tests="4" failures="0" timestamp="24 三月 2019 04:06:35 GMT" time="6.336" errors="0">
  <testcase name="test1" time="1.401" classname="utils.excelDataProvider"/>
  <testcase name="test1" time="1.363" classname="utils.excelDataProvider"/>
  <testcase name="test1" time="1.308" classname="utils.excelDataProvider"/>
  <testcase name="test1" time="2.264" classname="utils.excelDataProvider"/>
</testsuite> <!-- utils.excelDataProvider -->
